<?xml version="1.0" encoding="UTF-8"?>
<testsuite xmlns:xsi="http://www.w3.org/2001/XMLSchema-instance" xsi:noNamespaceSchemaLocation="https://maven.apache.org/surefire/maven-surefire-plugin/xsd/surefire-test-report-3.0.xsd" version="3.0" name="com.jyoti.AppTest" time="0.017" tests="1" errors="0" skipped="0" failures="0">
  <properties>
    <property name="java.specification.version" value="17"/>
    <property name="sun.cpu.isalist" value="amd64"/>
    <property name="sun.jnu.encoding" value="Cp1252"/>
    <property name="java.class.path" value="C:\Users\jyoti\prince\addressbook-demo\target\test-classes;C:\Users\jyoti\prince\addressbook-demo\target\classes;C:\Users\jyoti\.m2\repository\junit\junit\3.8.1\junit-3.8.1.jar;"/>
    <property name="java.vm.vendor" value="Eclipse Adoptium"/>
    <property name="sun.arch.data.model" value="64"/>
    <property name="user.variant" value=""/>
    <property name="java.vendor.url" value="https://adoptium.net/"/>
    <property name="user.timezone" value="Asia/Calcutta"/>
    <property name="os.name" value="Windows 11"/>
    <property name="java.vm.specification.version" value="17"/>
    <property name="sun.java.launcher" value="SUN_STANDARD"/>
    <property name="user.country" value="IN"/>
    <property name="sun.boot.library.path" value="C:\Users\jyoti\AppData\Local\Programs\Eclipse Adoptium\jdk-17.0.4.101-hotspot\bin"/>
    <property name="sun.java.command" value="C:\Users\jyoti\AppData\Local\Temp\surefire5868646791474290479\surefirebooter-20230706234714088_3.jar C:\Users\jyoti\AppData\Local\Temp\surefire5868646791474290479 2023-07-06T23-47-13_955-jvmRun1 surefire-20230706234714088_1tmp surefire_0-20230706234714088_2tmp"/>
    <property name="jdk.debug" value="release"/>
    <property name="surefire.test.class.path" value="C:\Users\jyoti\prince\addressbook-demo\target\test-classes;C:\Users\jyoti\prince\addressbook-demo\target\classes;C:\Users\jyoti\.m2\repository\junit\junit\3.8.1\junit-3.8.1.jar;"/>
    <property name="sun.cpu.endian" value="little"/>
    <property name="user.home" value="C:\Users\jyoti"/>
    <property name="user.language" value="en"/>
    <property name="java.specification.vendor" value="Oracle Corporation"/>
    <property name="java.version.date" value="2022-08-12"/>
    <property name="java.home" value="C:\Users\jyoti\AppData\Local\Programs\Eclipse Adoptium\jdk-17.0.4.101-hotspot"/>
    <property name="file.separator" value="\"/>
    <property name="basedir" value="C:\Users\jyoti\prince\addressbook-demo"/>
    <property name="java.vm.compressedOopsMode" value="32-bit"/>
    <property name="line.separator" value="&#10;"/>
    <property name="java.vm.specification.vendor" value="Oracle Corporation"/>
    <property name="java.specification.name" value="Java Platform API Specification"/>
    <property name="surefire.real.class.path" value="C:\Users\jyoti\AppData\Local\Temp\surefire5868646791474290479\surefirebooter-20230706234714088_3.jar"/>
    <property name="user.script" value=""/>
    <property name="sun.management.compiler" value="HotSpot 64-Bit Tiered Compilers"/>
    <property name="java.runtime.version" value="17.0.4.1+1"/>
    <property name="user.name" value="jyoti"/>
    <property name="path.separator" value=";"/>
    <property name="os.version" value="10.0"/>
    <property name="java.runtime.name" value="OpenJDK Runtime Environment"/>
    <property name="file.encoding" value="Cp1252"/>
    <property name="java.vm.name" value="OpenJDK 64-Bit Server VM"/>
    <property name="java.vendor.version" value="Temurin-17.0.4.1+1"/>
    <property name="localRepository" value="C:\Users\jyoti\.m2\repository"/>
    <property name="java.vendor.url.bug" value="https://github.com/adoptium/adoptium-support/issues"/>
    <property name="java.io.tmpdir" value="C:\Users\jyoti\AppData\Local\Temp\"/>
    <property name="java.version" value="17.0.4.1"/>
    <property name="user.dir" value="C:\Users\jyoti\Prince\addressbook-demo"/>
    <property name="os.arch" value="amd64"/>
    <property name="java.vm.specification.name" value="Java Virtual Machine Specification"/>
    <property name="sun.os.patch.level" value=""/>
    <property name="native.encoding" value="Cp1252"/>
    <property name="java.library.path" value="C:\Users\jyoti\AppData\Local\Programs\Eclipse Adoptium\jdk-17.0.4.101-hotspot\bin;C:\WINDOWS\Sun\Java\bin;C:\WINDOWS\system32;C:\WINDOWS;C:\Users\jyoti\bin;C:\Program Files (x86)\Git\mingw32\bin;C:\Program Files (x86)\Git\usr\local\bin;C:\Program Files (x86)\Git\usr\bin;C:\Program Files (x86)\Git\usr\bin;C:\Program Files (x86)\Git\mingw32\bin;C:\Program Files (x86)\Git\usr\bin;C:\Users\jyoti\bin;search-ms;displayname=Search%20Results%20in%20Downloads&amp;crumb=location;C%3A%5CUsers%5Cjyoti%5CDownloads\openssh;C:\Users\jyoti\Downloads\OpenSSH-Win64\OpenSSH-Win64;C:\Program Files\MySQL\MySQL Server 8.0\bin;C:\Program Files\Restoro\bin;C:\Program Files\Python311;C:\Users\jyoti\PycharmProjects\pychrm.py\venv\Scripts;C:\Users\jyoti\AppData\Roaming\Microsoft\Windows\Start Menu\Programs\Windows PowerShell;C:\Users\jyoti\AppData\Roaming\Microsoft\Windows\Start Menu\Programs\Windows PowerShell;C:\ProgramData\Microsoft\Windows\Start Menu\Programs\Git;C:\Users\jyoti\AppData\Roaming\Microsoft\Windows\Start Menu\Programs\System Tools;C:\Program Files (x86)\Git\cmd;C:\Users\jyoti\Downloads\eclipse-jee-2021-06-R-win32-x86_64 (1)\eclipse;C:\Program Files\Java\jdk-17.0.4.1\bin;C:\Program Files\Meld;C:\Program Files\apache-maven-3.9.2-bin (1)\apache-maven-3.9.2\bin;C:\Program Files\PowerShell\7;search-ms;displayname=Search%20Results%20in%20Program%20Files&amp;crumb=System.Generic.String%3Aopenssh&amp;crumb=location;C%3A%5CProgram%20Files;C:\Program Files\MySQL\MySQL Server 8.0\bin;C:\Program Files\Python311;C:\Users\jyoti\PycharmProjects\pychrm.py\venv\Scripts;C:\Users\jyoti\AppData\Roaming\Microsoft\Windows\Start Menu\Programs\Windows PowerShell;C:\Users\jyoti\AppData\Local\Programs\Microsoft VS Code\bin;C:\Program Files\apache-maven-3.9.2-bin (1)\apache-maven-3.9.2\bin;C:\Program Files (x86)\Git\usr\bin\vendor_perl;C:\Program Files (x86)\Git\usr\bin\core_perl;."/>
    <property name="java.vm.info" value="mixed mode, sharing"/>
    <property name="java.vendor" value="Eclipse Adoptium"/>
    <property name="java.vm.version" value="17.0.4.1+1"/>
    <property name="sun.io.unicode.encoding" value="UnicodeLittle"/>
    <property name="java.class.version" value="61.0"/>
  </properties>
  <testcase name="testApp" classname="com.jyoti.AppTest" time="0.002"/>
</testsuite>